#
# There is insufficient memory for the Java Runtime Environment to continue.
# Native memory allocation (malloc) failed to allocate 1765296 bytes. Error detail: Chunk::new
# Possible reasons:
#   The system is out of physical RAM or swap space
#   This process is running with CompressedOops enabled, and the Java Heap may be blocking the growth of the native heap
# Possible solutions:
#   Reduce memory load on the system
#   Increase physical memory or swap space
#   Check if swap backing store is full
#   Decrease Java heap size (-Xmx/-Xms)
#   Decrease number of Java threads
#   Decrease Java thread stack sizes (-Xss)
#   Set larger code cache with -XX:ReservedCodeCacheSize=
#   JVM is running with Unscaled Compressed Oops mode in which the Java heap is
#     placed in the first 4GB address space. The Java Heap base address is the
#     maximum limit for the native heap growth. Please use -XX:HeapBaseMinAddress
#     to set the Java Heap base and to place the Java Heap above 4GB virtual address.
# This output file may be truncated or incomplete.
#
#  Out of Memory Error (arena.cpp:168), pid=15784, tid=14800
#
# JRE version: OpenJDK Runtime Environment Temurin-21.0.9+10 (21.0.9+10) (build 21.0.9+10-LTS)
# Java VM: OpenJDK 64-Bit Server VM Temurin-21.0.9+10 (21.0.9+10-LTS, mixed mode, sharing, tiered, compressed oops, compressed class ptrs, parallel gc, windows-amd64)
# No core dump will be written. Minidumps are not enabled by default on client versions of Windows
#

---------------  S U M M A R Y ------------

Command Line: --add-modules=ALL-SYSTEM --add-opens=java.base/java.util=ALL-UNNAMED --add-opens=java.base/java.lang=ALL-UNNAMED --add-opens=java.base/sun.nio.fs=ALL-UNNAMED -Declipse.application=org.eclipse.jdt.ls.core.id1 -Dosgi.bundles.defaultStartLevel=4 -Declipse.product=org.eclipse.jdt.ls.core.product -Djava.import.generatesMetadataFilesAtProjectRoot=false -DDetectVMInstallationsJob.disabled=true -Dfile.encoding=utf8 -XX:+UseParallelGC -XX:GCTimeRatio=4 -XX:AdaptiveSizePolicyWeight=90 -Dsun.zip.disableMemoryMapping=true -Xmx2G -Xms100m -Xlog:disable -javaagent:c:\Users\ahmed.saber\.vscode\extensions\redhat.java-1.52.0-win32-x64\lombok\lombok-1.18.39-4050.jar -XX:+HeapDumpOnOutOfMemoryError -XX:HeapDumpPath=c:\Users\ahmed.saber\AppData\Roaming\Code\User\workspaceStorage\f242c66e8a9d1730f05708b8fbcd0898\redhat.java -Daether.dependencyCollector.impl=bf c:\Users\ahmed.saber\.vscode\extensions\redhat.java-1.52.0-win32-x64\server\plugins\org.eclipse.equinox.launcher_1.7.100.v20251111-0406.jar -configuration c:\Users\ahmed.saber\AppData\Roaming\Code\User\globalStorage\redhat.java\1.52.0\config_win -data c:\Users\ahmed.saber\AppData\Roaming\Code\User\workspaceStorage\f242c66e8a9d1730f05708b8fbcd0898\redhat.java\jdt_ws --pipe=\\.\pipe\lsp-1852207a476353395e1e75abb0ad94b0-sock

Host: Intel(R) Core(TM) i7-7700 CPU @ 3.60GHz, 8 cores, 15G,  Windows 11 , 64 bit Build 26100 (10.0.26100.7623)
Time: Sun Feb  1 16:40:17 2026 Egypt Standard Time elapsed time: 447.436665 seconds (0d 0h 7m 27s)

---------------  T H R E A D  ---------------

Current thread (0x0000025fae6ed4c0):  JavaThread "C2 CompilerThread0" daemon [_thread_in_native, id=14800, stack(0x000000d484000000,0x000000d484100000) (1024K)]


Current CompileTask:
C2:447436 20096       4       org.eclipse.jdt.internal.compiler.parser.Parser::consumeRule (7843 bytes)

Stack: [0x000000d484000000,0x000000d484100000]
Native frames: (J=compiled Java code, j=interpreted, Vv=VM code, C=native code)
V  [jvm.dll+0x6d6e29]
V  [jvm.dll+0x8b4b76]
V  [jvm.dll+0x8b712e]
V  [jvm.dll+0x8b7813]
V  [jvm.dll+0x283d86]
V  [jvm.dll+0xc66ed]
V  [jvm.dll+0xc6c31]
V  [jvm.dll+0x3be53b]
V  [jvm.dll+0x38ab92]
V  [jvm.dll+0x389fda]
V  [jvm.dll+0x24bfa0]
V  [jvm.dll+0x24b580]
V  [jvm.dll+0x1cb13e]
V  [jvm.dll+0x25b29d]
V  [jvm.dll+0x25982a]
V  [jvm.dll+0x3f7ea6]
V  [jvm.dll+0x85e9ad]
V  [jvm.dll+0x6d565d]
C  [ucrtbase.dll+0x37b0]
C  [KERNEL32.DLL+0x2e8d7]
C  [ntdll.dll+0x8c53c]


---------------  P R O C E S S  ---------------

Threads class SMR info:
_java_thread_list=0x0000025ff784dc60, length=50, elements={
0x0000025f97c5b330, 0x0000025fae6ccfd0, 0x0000025fae6cfcb0, 0x0000025fae6d4fe0,
0x0000025fae6d5c30, 0x0000025fae6dce60, 0x0000025fae6e8110, 0x0000025fae6ed4c0,
0x0000025fae6ef420, 0x0000025ff120de10, 0x0000025ff13336d0, 0x0000025ff60f9640,
0x0000025ff61ac980, 0x0000025ff116fdb0, 0x0000025ff178e1e0, 0x0000025ff6120f70,
0x0000025ff66d6420, 0x0000025ff67213d0, 0x0000025ff6597020, 0x0000025ff648d9f0,
0x0000025ff648e080, 0x0000025ff648f430, 0x0000025ff648bfb0, 0x0000025ff648ccd0,
0x0000025ff648d360, 0x0000025ff1b745f0, 0x0000025ff1b71800, 0x0000025ff1b71e90,
0x0000025ff1b71170, 0x0000025ff1b738d0, 0x0000025ff1b72bb0, 0x0000025ff1b73f60,
0x0000025ff1b73240, 0x0000025ff1b76d50, 0x0000025ff668ba00, 0x0000025ff668ace0,
0x0000025ff668e7f0, 0x0000025ff7f78b50, 0x0000025ff7f784c0, 0x0000025ff7f791e0,
0x0000025ff7f7c660, 0x0000025ff7f79870, 0x0000025ff7f7ccf0, 0x0000025ff7f7da10,
0x0000025ff7f7e0a0, 0x0000025ff6e122c0, 0x0000025ff6e12fe0, 0x0000025ff6e0fb60,
0x0000025ff6e14a20, 0x0000025ff6e150b0
}

Java Threads: ( => current thread )
  0x0000025f97c5b330 JavaThread "main"                              [_thread_blocked, id=3236, stack(0x000000d483600000,0x000000d483700000) (1024K)]
  0x0000025fae6ccfd0 JavaThread "Reference Handler"          daemon [_thread_blocked, id=10816, stack(0x000000d483a00000,0x000000d483b00000) (1024K)]
  0x0000025fae6cfcb0 JavaThread "Finalizer"                  daemon [_thread_blocked, id=9040, stack(0x000000d483b00000,0x000000d483c00000) (1024K)]
  0x0000025fae6d4fe0 JavaThread "Signal Dispatcher"          daemon [_thread_blocked, id=14748, stack(0x000000d483c00000,0x000000d483d00000) (1024K)]
  0x0000025fae6d5c30 JavaThread "Attach Listener"            daemon [_thread_blocked, id=16728, stack(0x000000d483d00000,0x000000d483e00000) (1024K)]
  0x0000025fae6dce60 JavaThread "Service Thread"             daemon [_thread_blocked, id=16352, stack(0x000000d483e00000,0x000000d483f00000) (1024K)]
  0x0000025fae6e8110 JavaThread "Monitor Deflation Thread"   daemon [_thread_blocked, id=10232, stack(0x000000d483f00000,0x000000d484000000) (1024K)]
=>0x0000025fae6ed4c0 JavaThread "C2 CompilerThread0"         daemon [_thread_in_native, id=14800, stack(0x000000d484000000,0x000000d484100000) (1024K)]
  0x0000025fae6ef420 JavaThread "C1 CompilerThread0"         daemon [_thread_blocked, id=5108, stack(0x000000d484100000,0x000000d484200000) (1024K)]
  0x0000025ff120de10 JavaThread "Common-Cleaner"             daemon [_thread_blocked, id=11248, stack(0x000000d484200000,0x000000d484300000) (1024K)]
  0x0000025ff13336d0 JavaThread "Notification Thread"        daemon [_thread_blocked, id=16060, stack(0x000000d484400000,0x000000d484500000) (1024K)]
  0x0000025ff60f9640 JavaThread "Active Thread: Equinox Container: 8060f94b-680e-407f-ad80-167a41943825"        [_thread_blocked, id=15540, stack(0x000000d484c00000,0x000000d484d00000) (1024K)]
  0x0000025ff61ac980 JavaThread "Refresh Thread: Equinox Container: 8060f94b-680e-407f-ad80-167a41943825" daemon [_thread_blocked, id=16960, stack(0x000000d484500000,0x000000d484600000) (1024K)]
  0x0000025ff116fdb0 JavaThread "Framework Event Dispatcher: Equinox Container: 8060f94b-680e-407f-ad80-167a41943825" daemon [_thread_blocked, id=17500, stack(0x000000d484d00000,0x000000d484e00000) (1024K)]
  0x0000025ff178e1e0 JavaThread "Start Level: Equinox Container: 8060f94b-680e-407f-ad80-167a41943825" daemon [_thread_blocked, id=15752, stack(0x000000d484e00000,0x000000d484f00000) (1024K)]
  0x0000025ff6120f70 JavaThread "Bundle File Closer"         daemon [_thread_blocked, id=1704, stack(0x000000d485000000,0x000000d485100000) (1024K)]
  0x0000025ff66d6420 JavaThread "SCR Component Actor"        daemon [_thread_blocked, id=17468, stack(0x000000d484f00000,0x000000d485000000) (1024K)]
  0x0000025ff67213d0 JavaThread "Worker-JM"                         [_thread_blocked, id=7516, stack(0x000000d485300000,0x000000d485400000) (1024K)]
  0x0000025ff6597020 JavaThread "JNA Cleaner"                daemon [_thread_blocked, id=1816, stack(0x000000d485200000,0x000000d485300000) (1024K)]
  0x0000025ff648d9f0 JavaThread "Worker-0"                          [_thread_blocked, id=2596, stack(0x000000d485400000,0x000000d485500000) (1024K)]
  0x0000025ff648e080 JavaThread "Java indexing"              daemon [_thread_blocked, id=8884, stack(0x000000d485700000,0x000000d485800000) (1024K)]
  0x0000025ff648f430 JavaThread "Thread-1"                   daemon [_thread_in_native, id=16560, stack(0x000000d485d00000,0x000000d485e00000) (1024K)]
  0x0000025ff648bfb0 JavaThread "Thread-2"                   daemon [_thread_in_native, id=15216, stack(0x000000d485e00000,0x000000d485f00000) (1024K)]
  0x0000025ff648ccd0 JavaThread "Thread-3"                   daemon [_thread_in_native, id=13068, stack(0x000000d485f00000,0x000000d486000000) (1024K)]
  0x0000025ff648d360 JavaThread "Thread-4"                   daemon [_thread_in_native, id=5228, stack(0x000000d486000000,0x000000d486100000) (1024K)]
  0x0000025ff1b745f0 JavaThread "Thread-5"                   daemon [_thread_in_native, id=2620, stack(0x000000d486100000,0x000000d486200000) (1024K)]
  0x0000025ff1b71800 JavaThread "Thread-6"                   daemon [_thread_in_native, id=18424, stack(0x000000d486200000,0x000000d486300000) (1024K)]
  0x0000025ff1b71e90 JavaThread "Thread-7"                   daemon [_thread_in_native, id=2984, stack(0x000000d486300000,0x000000d486400000) (1024K)]
  0x0000025ff1b71170 JavaThread "Thread-8"                   daemon [_thread_in_native, id=6632, stack(0x000000d486400000,0x000000d486500000) (1024K)]
  0x0000025ff1b738d0 JavaThread "Thread-9"                   daemon [_thread_in_native, id=15384, stack(0x000000d486500000,0x000000d486600000) (1024K)]
  0x0000025ff1b72bb0 JavaThread "pool-2-thread-1"                   [_thread_blocked, id=14940, stack(0x000000d486600000,0x000000d486700000) (1024K)]
  0x0000025ff1b73f60 JavaThread "WorkspaceEventsHandler"            [_thread_blocked, id=14552, stack(0x000000d486700000,0x000000d486800000) (1024K)]
  0x0000025ff1b73240 JavaThread "pool-1-thread-1"                   [_thread_blocked, id=16860, stack(0x000000d486800000,0x000000d486900000) (1024K)]
  0x0000025ff1b76d50 JavaThread "LocalFile Deleter"          daemon [_thread_blocked, id=11916, stack(0x000000d486f00000,0x000000d487000000) (1024K)]
  0x0000025ff668ba00 JavaThread "LocalFile Deleter"          daemon [_thread_blocked, id=15196, stack(0x000000d487400000,0x000000d487500000) (1024K)]
  0x0000025ff668ace0 JavaThread "Compiler Source File Reader" daemon [_thread_blocked, id=15720, stack(0x000000d487700000,0x000000d487800000) (1024K)]
  0x0000025ff668e7f0 JavaThread "Compiler Source File Reader" daemon [_thread_blocked, id=7608, stack(0x000000d487900000,0x000000d487a00000) (1024K)]
  0x0000025ff7f78b50 JavaThread "ForkJoinPool.commonPool-worker-1" daemon [_thread_blocked, id=16024, stack(0x000000d486c00000,0x000000d486d00000) (1024K)]
  0x0000025ff7f784c0 JavaThread "ForkJoinPool.commonPool-worker-2" daemon [_thread_blocked, id=11860, stack(0x000000d488200000,0x000000d488300000) (1024K)]
  0x0000025ff7f791e0 JavaThread "ForkJoinPool.commonPool-worker-3" daemon [_thread_blocked, id=16516, stack(0x000000d488300000,0x000000d488400000) (1024K)]
  0x0000025ff7f7c660 JavaThread "ForkJoinPool.commonPool-worker-4" daemon [_thread_blocked, id=15356, stack(0x000000d488400000,0x000000d488500000) (1024K)]
  0x0000025ff7f79870 JavaThread "ForkJoinPool.commonPool-worker-5" daemon [_thread_blocked, id=13500, stack(0x000000d488500000,0x000000d488600000) (1024K)]
  0x0000025ff7f7ccf0 JavaThread "ForkJoinPool.commonPool-worker-6" daemon [_thread_blocked, id=7636, stack(0x000000d488600000,0x000000d488700000) (1024K)]
  0x0000025ff7f7da10 JavaThread "Worker-6"                          [_thread_blocked, id=3140, stack(0x000000d488800000,0x000000d488900000) (1024K)]
  0x0000025ff7f7e0a0 JavaThread "Cleaner-0"                  daemon [_thread_blocked, id=11604, stack(0x000000d488900000,0x000000d488a00000) (1024K)]
  0x0000025ff6e122c0 JavaThread "pool-1-thread-3"                   [_thread_blocked, id=11652, stack(0x000000d483500000,0x000000d483600000) (1024K)]
  0x0000025ff6e12fe0 JavaThread "ForkJoinPool.commonPool-worker-8" daemon [_thread_blocked, id=8972, stack(0x000000d483300000,0x000000d483400000) (1024K)]
  0x0000025ff6e0fb60 JavaThread "Worker-8"                          [_thread_blocked, id=14272, stack(0x000000d483400000,0x000000d483500000) (1024K)]
  0x0000025ff6e14a20 JavaThread "Worker-9"                          [_thread_blocked, id=2000, stack(0x000000d485600000,0x000000d485700000) (1024K)]
  0x0000025ff6e150b0 JavaThread "Worker-10"                         [_thread_blocked, id=11024, stack(0x000000d485800000,0x000000d485900000) (1024K)]
Total: 50

Other Threads:
  0x0000025fae6b2860 VMThread "VM Thread"                           [id=17352, stack(0x000000d483900000,0x000000d483a00000) (1024K)]
  0x0000025fae5eca00 WatcherThread "VM Periodic Task Thread"        [id=1292, stack(0x000000d483800000,0x000000d483900000) (1024K)]
  0x0000025f97c79c60 WorkerThread "GC Thread#0"                     [id=12656, stack(0x000000d483700000,0x000000d483800000) (1024K)]
  0x0000025ff1451d40 WorkerThread "GC Thread#1"                     [id=776, stack(0x000000d484600000,0x000000d484700000) (1024K)]
  0x0000025ff144c2c0 WorkerThread "GC Thread#2"                     [id=3392, stack(0x000000d484700000,0x000000d484800000) (1024K)]
  0x0000025ff144c660 WorkerThread "GC Thread#3"                     [id=16984, stack(0x000000d484800000,0x000000d484900000) (1024K)]
  0x0000025ff144ca00 WorkerThread "GC Thread#4"                     [id=6360, stack(0x000000d484900000,0x000000d484a00000) (1024K)]
  0x0000025ff144cda0 WorkerThread "GC Thread#5"                     [id=12780, stack(0x000000d484a00000,0x000000d484b00000) (1024K)]
  0x0000025ff144d140 WorkerThread "GC Thread#6"                     [id=312, stack(0x000000d484b00000,0x000000d484c00000) (1024K)]
  0x0000025ff61be210 WorkerThread "GC Thread#7"                     [id=16512, stack(0x000000d484300000,0x000000d484400000) (1024K)]
Total: 10

Threads with active compile tasks:
C2 CompilerThread0  447467 20096       4       org.eclipse.jdt.internal.compiler.parser.Parser::consumeRule (7843 bytes)
Total: 1

VM state: not at safepoint (normal execution)

VM Mutex/Monitor currently owned by a thread: None

Heap address: 0x0000000080000000, size: 2048 MB, Compressed Oops mode: 32-bit

CDS archive(s) mapped at: [0x0000025faf000000-0x0000025fafba0000-0x0000025fafba0000), size 12189696, SharedBaseAddress: 0x0000025faf000000, ArchiveRelocationMode: 1.
Compressed class space mapped at: 0x0000025fb0000000-0x0000025ff0000000, reserved size: 1073741824
Narrow klass base: 0x0000025faf000000, Narrow klass shift: 0, Narrow klass range: 0x100000000

GC Precious Log:
 CardTable entry size: 512
 CPUs: 8 total, 8 available
 Memory: 16259M
 Large Page Support: Disabled
 NUMA Support: Disabled
 Compressed Oops: Enabled (32-bit)
 Alignments: Space 512K, Generation 512K, Heap 2M
 Heap Min Capacity: 100M
 Heap Initial Capacity: 100M
 Heap Max Capacity: 2G
 Pre-touch: Disabled
 Parallel Workers: 8

Heap:
 PSYoungGen      total 6656K, used 2657K [0x00000000d5580000, 0x00000000d5d80000, 0x0000000100000000)
  eden space 5632K, 34% used [0x00000000d5580000,0x00000000d576b450,0x00000000d5b00000)
  from space 1024K, 67% used [0x00000000d5c00000,0x00000000d5cad200,0x00000000d5d00000)
  to   space 1024K, 0% used [0x00000000d5b00000,0x00000000d5b00000,0x00000000d5c00000)
 ParOldGen       total 711168K, used 710914K [0x0000000080000000, 0x00000000ab680000, 0x00000000d5580000)
  object space 711168K, 99% used [0x0000000080000000,0x00000000ab6409f8,0x00000000ab680000)
 Metaspace       used 87803K, committed 89664K, reserved 1179648K
  class space    used 9155K, committed 9984K, reserved 1048576K

Card table byte_map: [0x0000025f97600000,0x0000025f97a10000] _byte_map_base: 0x0000025f97200000

Marking Bits: (ParMarkBitMap*) 0x00007ffc90452460
 Begin Bits: [0x0000025faa110000, 0x0000025fac110000)
 End Bits:   [0x0000025fac110000, 0x0000025fae110000)

Polling page: 0x0000025f95b10000

Metaspace:

Usage:
  Non-class:     76.81 MB used.
      Class:      8.94 MB used.
       Both:     85.75 MB used.

Virtual space:
  Non-class space:      128.00 MB reserved,      77.81 MB ( 61%) committed,  2 nodes.
      Class space:        1.00 GB reserved,       9.75 MB ( <1%) committed,  1 nodes.
             Both:        1.12 GB reserved,      87.56 MB (  8%) committed. 

Chunk freelists:
   Non-Class:  1.77 MB
       Class:  6.14 MB
        Both:  7.91 MB

MaxMetaspaceSize: unlimited
CompressedClassSpaceSize: 1.00 GB
Initial GC threshold: 21.00 MB
Current GC threshold: 136.38 MB
CDS: on
 - commit_granule_bytes: 65536.
 - commit_granule_words: 8192.
 - virtual_space_node_default_size: 8388608.
 - enlarge_chunks_in_place: 1.
 - use_allocation_guard: 0.


Internal statistics:

num_allocs_failed_limit: 9.
num_arena_births: 1750.
num_arena_deaths: 22.
num_vsnodes_births: 3.
num_vsnodes_deaths: 0.
num_space_committed: 1401.
num_space_uncommitted: 0.
num_chunks_returned_to_freelist: 35.
num_chunks_taken_from_freelist: 5998.
num_chunk_merges: 20.
num_chunk_splits: 3631.
num_chunks_enlarged: 1976.
num_inconsistent_stats: 0.

CodeHeap 'non-profiled nmethods': size=120000Kb used=19949Kb max_used=19949Kb free=100050Kb
 bounds [0x0000025fa2930000, 0x0000025fa3cb0000, 0x0000025fa9e60000]
CodeHeap 'profiled nmethods': size=120000Kb used=44191Kb max_used=44191Kb free=75808Kb
 bounds [0x0000025f9ae60000, 0x0000025f9d990000, 0x0000025fa2390000]
CodeHeap 'non-nmethods': size=5760Kb used=1532Kb max_used=1646Kb free=4227Kb
 bounds [0x0000025fa2390000, 0x0000025fa2600000, 0x0000025fa2930000]
CodeCache: size=245760Kb, used=65672Kb, max_used=65786Kb, free=180085Kb
 total_blobs=18827, nmethods=17975, adapters=752, full_count=0
Compilation: enabled, stopped_count=0, restarted_count=0

Compilation events (20 events):
Event: 446.373 Thread 0x0000025fae6ed4c0 20096       4       org.eclipse.jdt.internal.compiler.parser.Parser::consumeRule (7843 bytes)
Event: 446.374 Thread 0x0000025fae6ef420 nmethod 20095 0x0000025f9d97d790 code [0x0000025f9d97da00, 0x0000025f9d97e488]
Event: 446.374 Thread 0x0000025fae6ef420 20098       3       org.eclipse.jdt.internal.compiler.parser.RecoveredUnit::updatedCompilationUnitDeclaration (308 bytes)
Event: 446.375 Thread 0x0000025fae6ef420 nmethod 20098 0x0000025f9d97e810 code [0x0000025f9d97eac0, 0x0000025f9d97fc00]
Event: 446.375 Thread 0x0000025fae6ef420 20097       3       org.eclipse.jdt.internal.codeassist.impl.AssistParser::consumeSingleTypeImportDeclarationName (226 bytes)
Event: 446.375 Thread 0x0000025fae6ef420 nmethod 20097 0x0000025f9d980310 code [0x0000025f9d980560, 0x0000025f9d980ff0]
Event: 446.403 Thread 0x0000025fae6ef420 20100       3       java.util.concurrent.ConcurrentHashMap$TreeBin::tieBreakOrder (49 bytes)
Event: 446.403 Thread 0x0000025fae6ef420 nmethod 20100 0x0000025f9d981390 code [0x0000025f9d9815a0, 0x0000025f9d981a78]
Event: 446.404 Thread 0x0000025fae6ef420 20102       3       org.eclipse.text.templates.TemplateStoreCore::getTemplateData (81 bytes)
Event: 446.404 Thread 0x0000025fae6ef420 nmethod 20102 0x0000025f9d981c90 code [0x0000025f9d981f00, 0x0000025f9d982d70]
Event: 446.404 Thread 0x0000025fae6ef420 20101       3       org.eclipse.jdt.internal.core.manipulation.ProjectTemplateStore::load (156 bytes)
Event: 446.405 Thread 0x0000025fae6ef420 nmethod 20101 0x0000025f9d983210 code [0x0000025f9d983500, 0x0000025f9d984798]
Event: 446.405 Thread 0x0000025fae6ef420 20103       3       org.eclipse.text.templates.TemplateStoreCore::findTemplateById (24 bytes)
Event: 446.405 Thread 0x0000025fae6ef420 nmethod 20103 0x0000025f9d984e10 code [0x0000025f9d984fe0, 0x0000025f9d985290]
Event: 446.405 Thread 0x0000025fae6ef420 20104       1       org.eclipse.jdt.internal.core.manipulation.CodeTemplateContext::canEvaluate (2 bytes)
Event: 446.405 Thread 0x0000025fae6ef420 nmethod 20104 0x0000025fa3cab190 code [0x0000025fa3cab320, 0x0000025fa3cab3e8]
Event: 446.603 Thread 0x0000025fae6ef420 20106       3       org.eclipse.jdt.internal.core.SourceConstructorInfo::getDeclarationSourceStart (5 bytes)
Event: 446.604 Thread 0x0000025fae6ef420 nmethod 20106 0x0000025f9d985390 code [0x0000025f9d985540, 0x0000025f9d985720]
Event: 446.604 Thread 0x0000025fae6ef420 20107       3       org.eclipse.jdt.internal.core.SourceConstructorInfo::getDeclarationSourceEnd (5 bytes)
Event: 446.604 Thread 0x0000025fae6ef420 nmethod 20107 0x0000025f9d985810 code [0x0000025f9d9859c0, 0x0000025f9d985ba0]

GC Heap History (20 events):
Event: 445.932 GC heap after
{Heap after GC invocations=1404 (full 4):
 PSYoungGen      total 5120K, used 512K [0x00000000d5580000, 0x00000000d5d00000, 0x0000000100000000)
  eden space 4608K, 0% used [0x00000000d5580000,0x00000000d5580000,0x00000000d5a00000)
  from space 512K, 100% used [0x00000000d5c80000,0x00000000d5d00000,0x00000000d5d00000)
  to   space 1536K, 0% used [0x00000000d5a00000,0x00000000d5a00000,0x00000000d5b80000)
 ParOldGen       total 697856K, used 697543K [0x0000000080000000, 0x00000000aa980000, 0x00000000d5580000)
  object space 697856K, 99% used [0x0000000080000000,0x00000000aa931db8,0x00000000aa980000)
 Metaspace       used 87776K, committed 89664K, reserved 1179648K
  class space    used 9155K, committed 9984K, reserved 1048576K
}
Event: 445.937 GC heap before
{Heap before GC invocations=1405 (full 4):
 PSYoungGen      total 5120K, used 5119K [0x00000000d5580000, 0x00000000d5d00000, 0x0000000100000000)
  eden space 4608K, 99% used [0x00000000d5580000,0x00000000d59fffc8,0x00000000d5a00000)
  from space 512K, 100% used [0x00000000d5c80000,0x00000000d5d00000,0x00000000d5d00000)
  to   space 1536K, 0% used [0x00000000d5a00000,0x00000000d5a00000,0x00000000d5b80000)
 ParOldGen       total 697856K, used 697543K [0x0000000080000000, 0x00000000aa980000, 0x00000000d5580000)
  object space 697856K, 99% used [0x0000000080000000,0x00000000aa931db8,0x00000000aa980000)
 Metaspace       used 87776K, committed 89664K, reserved 1179648K
  class space    used 9155K, committed 9984K, reserved 1048576K
}
Event: 445.940 GC heap after
{Heap after GC invocations=1405 (full 4):
 PSYoungGen      total 6144K, used 1516K [0x00000000d5580000, 0x00000000d6100000, 0x0000000100000000)
  eden space 4608K, 0% used [0x00000000d5580000,0x00000000d5580000,0x00000000d5a00000)
  from space 1536K, 98% used [0x00000000d5a00000,0x00000000d5b7b0a0,0x00000000d5b80000)
  to   space 3584K, 0% used [0x00000000d5d80000,0x00000000d5d80000,0x00000000d6100000)
 ParOldGen       total 699392K, used 699215K [0x0000000080000000, 0x00000000aab00000, 0x00000000d5580000)
  object space 699392K, 99% used [0x0000000080000000,0x00000000aaad3db8,0x00000000aab00000)
 Metaspace       used 87776K, committed 89664K, reserved 1179648K
  class space    used 9155K, committed 9984K, reserved 1048576K
}
Event: 445.946 GC heap before
{Heap before GC invocations=1406 (full 4):
 PSYoungGen      total 6144K, used 6124K [0x00000000d5580000, 0x00000000d6100000, 0x0000000100000000)
  eden space 4608K, 100% used [0x00000000d5580000,0x00000000d5a00000,0x00000000d5a00000)
  from space 1536K, 98% used [0x00000000d5a00000,0x00000000d5b7b0a0,0x00000000d5b80000)
  to   space 3584K, 0% used [0x00000000d5d80000,0x00000000d5d80000,0x00000000d6100000)
 ParOldGen       total 699392K, used 699215K [0x0000000080000000, 0x00000000aab00000, 0x00000000d5580000)
  object space 699392K, 99% used [0x0000000080000000,0x00000000aaad3db8,0x00000000aab00000)
 Metaspace       used 87776K, committed 89664K, reserved 1179648K
  class space    used 9155K, committed 9984K, reserved 1048576K
}
Event: 445.948 GC heap after
{Heap after GC invocations=1406 (full 4):
 PSYoungGen      total 8192K, used 2176K [0x00000000d5580000, 0x00000000d6000000, 0x0000000100000000)
  eden space 5632K, 0% used [0x00000000d5580000,0x00000000d5580000,0x00000000d5b00000)
  from space 2560K, 85% used [0x00000000d5d80000,0x00000000d5fa0000,0x00000000d6000000)
  to   space 2560K, 0% used [0x00000000d5b00000,0x00000000d5b00000,0x00000000d5d80000)
 ParOldGen       total 700928K, used 700771K [0x0000000080000000, 0x00000000aac80000, 0x00000000d5580000)
  object space 700928K, 99% used [0x0000000080000000,0x00000000aac58e58,0x00000000aac80000)
 Metaspace       used 87776K, committed 89664K, reserved 1179648K
  class space    used 9155K, committed 9984K, reserved 1048576K
}
Event: 446.103 GC heap before
{Heap before GC invocations=1407 (full 4):
 PSYoungGen      total 8192K, used 7808K [0x00000000d5580000, 0x00000000d6000000, 0x0000000100000000)
  eden space 5632K, 100% used [0x00000000d5580000,0x00000000d5b00000,0x00000000d5b00000)
  from space 2560K, 85% used [0x00000000d5d80000,0x00000000d5fa0000,0x00000000d6000000)
  to   space 2560K, 0% used [0x00000000d5b00000,0x00000000d5b00000,0x00000000d5d80000)
 ParOldGen       total 700928K, used 700771K [0x0000000080000000, 0x00000000aac80000, 0x00000000d5580000)
  object space 700928K, 99% used [0x0000000080000000,0x00000000aac58e58,0x00000000aac80000)
 Metaspace       used 87778K, committed 89664K, reserved 1179648K
  class space    used 9155K, committed 9984K, reserved 1048576K
}
Event: 446.106 GC heap after
{Heap after GC invocations=1407 (full 4):
 PSYoungGen      total 6656K, used 776K [0x00000000d5580000, 0x00000000d5e00000, 0x0000000100000000)
  eden space 5632K, 0% used [0x00000000d5580000,0x00000000d5580000,0x00000000d5b00000)
  from space 1024K, 75% used [0x00000000d5b00000,0x00000000d5bc2010,0x00000000d5c00000)
  to   space 1536K, 0% used [0x00000000d5c80000,0x00000000d5c80000,0x00000000d5e00000)
 ParOldGen       total 702976K, used 702870K [0x0000000080000000, 0x00000000aae80000, 0x00000000d5580000)
  object space 702976K, 99% used [0x0000000080000000,0x00000000aae659c8,0x00000000aae80000)
 Metaspace       used 87778K, committed 89664K, reserved 1179648K
  class space    used 9155K, committed 9984K, reserved 1048576K
}
Event: 446.179 GC heap before
{Heap before GC invocations=1408 (full 4):
 PSYoungGen      total 6656K, used 6408K [0x00000000d5580000, 0x00000000d5e00000, 0x0000000100000000)
  eden space 5632K, 100% used [0x00000000d5580000,0x00000000d5b00000,0x00000000d5b00000)
  from space 1024K, 75% used [0x00000000d5b00000,0x00000000d5bc2010,0x00000000d5c00000)
  to   space 1536K, 0% used [0x00000000d5c80000,0x00000000d5c80000,0x00000000d5e00000)
 ParOldGen       total 702976K, used 702870K [0x0000000080000000, 0x00000000aae80000, 0x00000000d5580000)
  object space 702976K, 99% used [0x0000000080000000,0x00000000aae659c8,0x00000000aae80000)
 Metaspace       used 87780K, committed 89664K, reserved 1179648K
  class space    used 9155K, committed 9984K, reserved 1048576K
}
Event: 446.181 GC heap after
{Heap after GC invocations=1408 (full 4):
 PSYoungGen      total 6656K, used 874K [0x00000000d5580000, 0x00000000d5d80000, 0x0000000100000000)
  eden space 5632K, 0% used [0x00000000d5580000,0x00000000d5580000,0x00000000d5b00000)
  from space 1024K, 85% used [0x00000000d5c80000,0x00000000d5d5a910,0x00000000d5d80000)
  to   space 1024K, 0% used [0x00000000d5b00000,0x00000000d5b00000,0x00000000d5c00000)
 ParOldGen       total 704000K, used 703548K [0x0000000080000000, 0x00000000aaf80000, 0x00000000d5580000)
  object space 704000K, 99% used [0x0000000080000000,0x00000000aaf0f1d0,0x00000000aaf80000)
 Metaspace       used 87780K, committed 89664K, reserved 1179648K
  class space    used 9155K, committed 9984K, reserved 1048576K
}
Event: 446.379 GC heap before
{Heap before GC invocations=1409 (full 4):
 PSYoungGen      total 6656K, used 6506K [0x00000000d5580000, 0x00000000d5d80000, 0x0000000100000000)
  eden space 5632K, 100% used [0x00000000d5580000,0x00000000d5b00000,0x00000000d5b00000)
  from space 1024K, 85% used [0x00000000d5c80000,0x00000000d5d5a910,0x00000000d5d80000)
  to   space 1024K, 0% used [0x00000000d5b00000,0x00000000d5b00000,0x00000000d5c00000)
 ParOldGen       total 704000K, used 703548K [0x0000000080000000, 0x00000000aaf80000, 0x00000000d5580000)
  object space 704000K, 99% used [0x0000000080000000,0x00000000aaf0f1d0,0x00000000aaf80000)
 Metaspace       used 87797K, committed 89664K, reserved 1179648K
  class space    used 9155K, committed 9984K, reserved 1048576K
}
Event: 446.380 GC heap after
{Heap after GC invocations=1409 (full 4):
 PSYoungGen      total 6656K, used 852K [0x00000000d5580000, 0x00000000d5d00000, 0x0000000100000000)
  eden space 5632K, 0% used [0x00000000d5580000,0x00000000d5580000,0x00000000d5b00000)
  from space 1024K, 83% used [0x00000000d5b00000,0x00000000d5bd5200,0x00000000d5c00000)
  to   space 1024K, 0% used [0x00000000d5c00000,0x00000000d5c00000,0x00000000d5d00000)
 ParOldGen       total 704512K, used 704280K [0x0000000080000000, 0x00000000ab000000, 0x00000000d5580000)
  object space 704512K, 99% used [0x0000000080000000,0x00000000aafc63e0,0x00000000ab000000)
 Metaspace       used 87797K, committed 89664K, reserved 1179648K
  class space    used 9155K, committed 9984K, reserved 1048576K
}
Event: 446.383 GC heap before
{Heap before GC invocations=1410 (full 4):
 PSYoungGen      total 6656K, used 6484K [0x00000000d5580000, 0x00000000d5d00000, 0x0000000100000000)
  eden space 5632K, 100% used [0x00000000d5580000,0x00000000d5b00000,0x00000000d5b00000)
  from space 1024K, 83% used [0x00000000d5b00000,0x00000000d5bd5200,0x00000000d5c00000)
  to   space 1024K, 0% used [0x00000000d5c00000,0x00000000d5c00000,0x00000000d5d00000)
 ParOldGen       total 704512K, used 704280K [0x0000000080000000, 0x00000000ab000000, 0x00000000d5580000)
  object space 704512K, 99% used [0x0000000080000000,0x00000000aafc63e0,0x00000000ab000000)
 Metaspace       used 87797K, committed 89664K, reserved 1179648K
  class space    used 9155K, committed 9984K, reserved 1048576K
}
Event: 446.385 GC heap after
{Heap after GC invocations=1410 (full 4):
 PSYoungGen      total 4096K, used 998K [0x00000000d5580000, 0x00000000d6200000, 0x0000000100000000)
  eden space 3072K, 0% used [0x00000000d5580000,0x00000000d5580000,0x00000000d5880000)
  from space 1024K, 97% used [0x00000000d5c00000,0x00000000d5cf9850,0x00000000d5d00000)
  to   space 3584K, 0% used [0x00000000d5880000,0x00000000d5880000,0x00000000d5c00000)
 ParOldGen       total 706560K, used 706371K [0x0000000080000000, 0x00000000ab200000, 0x00000000d5580000)
  object space 706560K, 99% used [0x0000000080000000,0x00000000ab1d0e30,0x00000000ab200000)
 Metaspace       used 87797K, committed 89664K, reserved 1179648K
  class space    used 9155K, committed 9984K, reserved 1048576K
}
Event: 446.389 GC heap before
{Heap before GC invocations=1411 (full 4):
 PSYoungGen      total 4096K, used 4070K [0x00000000d5580000, 0x00000000d6200000, 0x0000000100000000)
  eden space 3072K, 100% used [0x00000000d5580000,0x00000000d5880000,0x00000000d5880000)
  from space 1024K, 97% used [0x00000000d5c00000,0x00000000d5cf9850,0x00000000d5d00000)
  to   space 3584K, 0% used [0x00000000d5880000,0x00000000d5880000,0x00000000d5c00000)
 ParOldGen       total 706560K, used 706371K [0x0000000080000000, 0x00000000ab200000, 0x00000000d5580000)
  object space 706560K, 99% used [0x0000000080000000,0x00000000ab1d0e30,0x00000000ab200000)
 Metaspace       used 87797K, committed 89664K, reserved 1179648K
  class space    used 9155K, committed 9984K, reserved 1048576K
}
Event: 446.391 GC heap after
{Heap after GC invocations=1411 (full 4):
 PSYoungGen      total 6656K, used 2496K [0x00000000d5580000, 0x00000000d5f80000, 0x0000000100000000)
  eden space 3072K, 0% used [0x00000000d5580000,0x00000000d5580000,0x00000000d5880000)
  from space 3584K, 69% used [0x00000000d5880000,0x00000000d5af0000,0x00000000d5c00000)
  to   space 3072K, 0% used [0x00000000d5c80000,0x00000000d5c80000,0x00000000d5f80000)
 ParOldGen       total 707584K, used 707409K [0x0000000080000000, 0x00000000ab300000, 0x00000000d5580000)
  object space 707584K, 99% used [0x0000000080000000,0x00000000ab2d4680,0x00000000ab300000)
 Metaspace       used 87797K, committed 89664K, reserved 1179648K
  class space    used 9155K, committed 9984K, reserved 1048576K
}
Event: 446.395 GC heap before
{Heap before GC invocations=1412 (full 4):
 PSYoungGen      total 6656K, used 5568K [0x00000000d5580000, 0x00000000d5f80000, 0x0000000100000000)
  eden space 3072K, 100% used [0x00000000d5580000,0x00000000d5880000,0x00000000d5880000)
  from space 3584K, 69% used [0x00000000d5880000,0x00000000d5af0000,0x00000000d5c00000)
  to   space 3072K, 0% used [0x00000000d5c80000,0x00000000d5c80000,0x00000000d5f80000)
 ParOldGen       total 707584K, used 707409K [0x0000000080000000, 0x00000000ab300000, 0x00000000d5580000)
  object space 707584K, 99% used [0x0000000080000000,0x00000000ab2d4680,0x00000000ab300000)
 Metaspace       used 87797K, committed 89664K, reserved 1179648K
  class space    used 9155K, committed 9984K, reserved 1048576K
}
Event: 446.397 GC heap after
{Heap after GC invocations=1412 (full 4):
 PSYoungGen      total 5120K, used 800K [0x00000000d5580000, 0x00000000d5d80000, 0x0000000100000000)
  eden space 4096K, 0% used [0x00000000d5580000,0x00000000d5580000,0x00000000d5980000)
  from space 1024K, 78% used [0x00000000d5c80000,0x00000000d5d48000,0x00000000d5d80000)
  to   space 1536K, 0% used [0x00000000d5a80000,0x00000000d5a80000,0x00000000d5c00000)
 ParOldGen       total 710144K, used 709673K [0x0000000080000000, 0x00000000ab580000, 0x00000000d5580000)
  object space 710144K, 99% used [0x0000000080000000,0x00000000ab50a680,0x00000000ab580000)
 Metaspace       used 87797K, committed 89664K, reserved 1179648K
  class space    used 9155K, committed 9984K, reserved 1048576K
}
Event: 446.401 GC heap before
{Heap before GC invocations=1413 (full 4):
 PSYoungGen      total 5120K, used 4896K [0x00000000d5580000, 0x00000000d5d80000, 0x0000000100000000)
  eden space 4096K, 100% used [0x00000000d5580000,0x00000000d5980000,0x00000000d5980000)
  from space 1024K, 78% used [0x00000000d5c80000,0x00000000d5d48000,0x00000000d5d80000)
  to   space 1536K, 0% used [0x00000000d5a80000,0x00000000d5a80000,0x00000000d5c00000)
 ParOldGen       total 710144K, used 709673K [0x0000000080000000, 0x00000000ab580000, 0x00000000d5580000)
  object space 710144K, 99% used [0x0000000080000000,0x00000000ab50a680,0x00000000ab580000)
 Metaspace       used 87797K, committed 89664K, reserved 1179648K
  class space    used 9155K, committed 9984K, reserved 1048576K
}
Event: 446.403 GC heap after
{Heap after GC invocations=1413 (full 4):
 PSYoungGen      total 6656K, used 532K [0x00000000d5580000, 0x00000000d5d00000, 0x0000000100000000)
  eden space 5120K, 0% used [0x00000000d5580000,0x00000000d5580000,0x00000000d5a80000)
  from space 1536K, 34% used [0x00000000d5a80000,0x00000000d5b05000,0x00000000d5c00000)
  to   space 1024K, 0% used [0x00000000d5c00000,0x00000000d5c00000,0x00000000d5d00000)
 ParOldGen       total 710656K, used 710414K [0x0000000080000000, 0x00000000ab600000, 0x00000000d5580000)
  object space 710656K, 99% used [0x0000000080000000,0x00000000ab5c39f8,0x00000000ab600000)
 Metaspace       used 87797K, committed 89664K, reserved 1179648K
  class space    used 9155K, committed 9984K, reserved 1048576K
}
Event: 446.605 GC heap before
{Heap before GC invocations=1414 (full 4):
 PSYoungGen      total 6656K, used 5651K [0x00000000d5580000, 0x00000000d5d00000, 0x0000000100000000)
  eden space 5120K, 99% used [0x00000000d5580000,0x00000000d5a7fff0,0x00000000d5a80000)
  from space 1536K, 34% used [0x00000000d5a80000,0x00000000d5b05000,0x00000000d5c00000)
  to   space 1024K, 0% used [0x00000000d5c00000,0x00000000d5c00000,0x00000000d5d00000)
 ParOldGen       total 710656K, used 710414K [0x0000000080000000, 0x00000000ab600000, 0x00000000d5580000)
  object space 710656K, 99% used [0x0000000080000000,0x00000000ab5c39f8,0x00000000ab600000)
 Metaspace       used 87803K, committed 89664K, reserved 1179648K
  class space    used 9155K, committed 9984K, reserved 1048576K
}

Dll operation events (12 events):
Event: 0.013 Loaded shared library c:\Users\ahmed.saber\.vscode\extensions\redhat.java-1.52.0-win32-x64\jre\21.0.9-win32-x86_64\bin\java.dll
Event: 0.062 Loaded shared library c:\Users\ahmed.saber\.vscode\extensions\redhat.java-1.52.0-win32-x64\jre\21.0.9-win32-x86_64\bin\zip.dll
Event: 0.078 Loaded shared library C:\Users\ahmed.saber\.vscode\extensions\redhat.java-1.52.0-win32-x64\jre\21.0.9-win32-x86_64\bin\instrument.dll
Event: 0.104 Loaded shared library C:\Users\ahmed.saber\.vscode\extensions\redhat.java-1.52.0-win32-x64\jre\21.0.9-win32-x86_64\bin\net.dll
Event: 0.144 Loaded shared library C:\Users\ahmed.saber\.vscode\extensions\redhat.java-1.52.0-win32-x64\jre\21.0.9-win32-x86_64\bin\nio.dll
Event: 0.146 Loaded shared library C:\Users\ahmed.saber\.vscode\extensions\redhat.java-1.52.0-win32-x64\jre\21.0.9-win32-x86_64\bin\zip.dll
Event: 0.162 Loaded shared library C:\Users\ahmed.saber\.vscode\extensions\redhat.java-1.52.0-win32-x64\jre\21.0.9-win32-x86_64\bin\jimage.dll
Event: 0.264 Loaded shared library c:\Users\ahmed.saber\.vscode\extensions\redhat.java-1.52.0-win32-x64\jre\21.0.9-win32-x86_64\bin\verify.dll
Event: 7.091 Loaded shared library C:\Users\ahmed.saber\AppData\Roaming\Code\User\globalStorage\redhat.java\1.52.0\config_win\org.eclipse.equinox.launcher\org.eclipse.equinox.launcher.win32.win32.x86_64_1.2.1500.v20260121-1430\eclipse_11919.dll
Event: 16.213 Loaded shared library C:\Users\ahmed.saber\AppData\Local\Temp\jna--999826280\jna12890419527353609756.dll
Event: 17.656 Loaded shared library C:\Users\ahmed.saber\.vscode\extensions\redhat.java-1.52.0-win32-x64\jre\21.0.9-win32-x86_64\bin\sunmscapi.dll
Event: 17.829 Loaded shared library C:\Users\ahmed.saber\.vscode\extensions\redhat.java-1.52.0-win32-x64\jre\21.0.9-win32-x86_64\bin\extnet.dll

Deoptimization events (20 events):
Event: 445.238 Thread 0x0000025ff6e14a20 Uncommon trap: trap_request=0xffffffde fr.pc=0x0000025fa3c8bd54 relative=0x00000000000016d4
Event: 445.238 Thread 0x0000025ff6e14a20 Uncommon trap: reason=class_check action=maybe_recompile pc=0x0000025fa3c8bd54 method=org.eclipse.jdt.internal.compiler.parser.Parser.consumeRule(I)V @ 4448 c2
Event: 445.238 Thread 0x0000025ff6e14a20 DEOPT PACKING pc=0x0000025fa3c8bd54 sp=0x000000d4856feba0
Event: 445.238 Thread 0x0000025ff6e14a20 DEOPT UNPACKING pc=0x0000025fa23e3aa2 sp=0x000000d4856feb30 mode 2
Event: 445.644 Thread 0x0000025ff6e150b0 Uncommon trap: trap_request=0xffffffcc fr.pc=0x0000025fa3c9c834 relative=0x00000000000005b4
Event: 445.644 Thread 0x0000025ff6e150b0 Uncommon trap: reason=intrinsic_or_type_checked_inlining action=make_not_entrant pc=0x0000025fa3c9c834 method=org.eclipse.jdt.internal.compiler.parser.Parser.consumeMethodHeaderRightParen()V @ 268 c2
Event: 445.644 Thread 0x0000025ff6e150b0 DEOPT PACKING pc=0x0000025fa3c9c834 sp=0x000000d4858fe890
Event: 445.644 Thread 0x0000025ff6e150b0 DEOPT UNPACKING pc=0x0000025fa23e3aa2 sp=0x000000d4858fe810 mode 2
Event: 445.954 Thread 0x0000025ff7f78b50 Uncommon trap: trap_request=0xffffff54 fr.pc=0x0000025fa3bf3b78 relative=0x00000000000044b8
Event: 445.954 Thread 0x0000025ff7f78b50 Uncommon trap: reason=speculate_null_assert action=make_not_entrant pc=0x0000025fa3bf3b78 method=org.eclipse.jdt.internal.codeassist.CompletionEngine.acceptTypes(Lorg/eclipse/jdt/internal/compiler/lookup/Scope;)V @ 542 c2
Event: 445.954 Thread 0x0000025ff7f78b50 DEOPT PACKING pc=0x0000025fa3bf3b78 sp=0x000000d486cfe350
Event: 445.954 Thread 0x0000025ff7f78b50 DEOPT UNPACKING pc=0x0000025fa23e3aa2 sp=0x000000d486cfe378 mode 2
Event: 446.181 Thread 0x0000025ff648d9f0 Uncommon trap: trap_request=0xffffffde fr.pc=0x0000025fa3c8bd54 relative=0x00000000000016d4
Event: 446.181 Thread 0x0000025ff648d9f0 Uncommon trap: reason=class_check action=maybe_recompile pc=0x0000025fa3c8bd54 method=org.eclipse.jdt.internal.compiler.parser.Parser.consumeRule(I)V @ 4448 c2
Event: 446.181 Thread 0x0000025ff648d9f0 DEOPT PACKING pc=0x0000025fa3c8bd54 sp=0x000000d4854fe950
Event: 446.181 Thread 0x0000025ff648d9f0 DEOPT UNPACKING pc=0x0000025fa23e3aa2 sp=0x000000d4854fe8e0 mode 2
Event: 446.403 Thread 0x0000025ff6e12fe0 Uncommon trap: trap_request=0xffffff54 fr.pc=0x0000025fa3b98c20 relative=0x0000000000003740
Event: 446.403 Thread 0x0000025ff6e12fe0 Uncommon trap: reason=speculate_null_assert action=make_not_entrant pc=0x0000025fa3b98c20 method=org.eclipse.jdt.internal.codeassist.CompletionEngine.acceptTypes(Lorg/eclipse/jdt/internal/compiler/lookup/Scope;)V @ 542 c2
Event: 446.403 Thread 0x0000025ff6e12fe0 DEOPT PACKING pc=0x0000025fa3b98c20 sp=0x000000d4833fe5b0
Event: 446.403 Thread 0x0000025ff6e12fe0 DEOPT UNPACKING pc=0x0000025fa23e3aa2 sp=0x000000d4833fe5a8 mode 2

Classes loaded (20 events):
Event: 318.400 Loading class java/util/stream/Nodes$CollectorTask$OfRef
Event: 318.400 Loading class java/util/stream/Nodes$CollectorTask
Event: 318.400 Loading class java/util/stream/Nodes$CollectorTask done
Event: 318.400 Loading class java/util/stream/Nodes$CollectorTask$OfRef done
Event: 318.404 Loading class java/util/function/LongFunction
Event: 318.404 Loading class java/util/function/LongFunction done
Event: 318.404 Loading class java/util/stream/Nodes$ConcNode
Event: 318.404 Loading class java/util/stream/Nodes$AbstractConcNode
Event: 318.404 Loading class java/util/stream/Nodes$AbstractConcNode done
Event: 318.404 Loading class java/util/stream/Nodes$ConcNode done
Event: 318.419 Loading class java/io/ObjectOutputStream$BlockDataOutputStream
Event: 318.419 Loading class java/io/ObjectOutputStream$BlockDataOutputStream done
Event: 318.419 Loading class java/io/ObjectOutputStream$HandleTable
Event: 318.419 Loading class java/io/ObjectOutputStream$HandleTable done
Event: 318.419 Loading class java/io/ObjectOutputStream$ReplaceTable
Event: 318.419 Loading class java/io/ObjectOutputStream$ReplaceTable done
Event: 331.031 Loading class java/nio/channels/CompletionHandler
Event: 331.031 Loading class java/nio/channels/CompletionHandler done
Event: 381.044 Loading class java/util/Collections$EmptyListIterator
Event: 381.044 Loading class java/util/Collections$EmptyListIterator done

Classes unloaded (11 events):
Event: 16.589 Thread 0x0000025fae6b2860 Unloading class 0x0000025fb01a8c00 'java/lang/invoke/LambdaForm$MH+0x0000025fb01a8c00'
Event: 16.589 Thread 0x0000025fae6b2860 Unloading class 0x0000025fb01a8800 'java/lang/invoke/LambdaForm$MH+0x0000025fb01a8800'
Event: 16.589 Thread 0x0000025fae6b2860 Unloading class 0x0000025fb01a8400 'java/lang/invoke/LambdaForm$MH+0x0000025fb01a8400'
Event: 16.589 Thread 0x0000025fae6b2860 Unloading class 0x0000025fb01a8000 'java/lang/invoke/LambdaForm$MH+0x0000025fb01a8000'
Event: 16.589 Thread 0x0000025fae6b2860 Unloading class 0x0000025fb01a7c00 'java/lang/invoke/LambdaForm$BMH+0x0000025fb01a7c00'
Event: 16.589 Thread 0x0000025fae6b2860 Unloading class 0x0000025fb01a7800 'java/lang/invoke/LambdaForm$DMH+0x0000025fb01a7800'
Event: 16.589 Thread 0x0000025fae6b2860 Unloading class 0x0000025fb01a6400 'java/lang/invoke/LambdaForm$DMH+0x0000025fb01a6400'
Event: 93.903 Thread 0x0000025fae6b2860 Unloading class 0x0000025fb0765400 'java/lang/invoke/LambdaForm$DMH+0x0000025fb0765400'
Event: 93.903 Thread 0x0000025fae6b2860 Unloading class 0x0000025fb0764c00 'java/lang/invoke/LambdaForm$DMH+0x0000025fb0764c00'
Event: 93.903 Thread 0x0000025fae6b2860 Unloading class 0x0000025fb0764800 'java/lang/invoke/LambdaForm$DMH+0x0000025fb0764800'
Event: 93.903 Thread 0x0000025fae6b2860 Unloading class 0x0000025fb0765000 'java/lang/invoke/LambdaForm$DMH+0x0000025fb0765000'

Classes redefined (0 events):
No events

Internal exceptions (20 events):
Event: 387.023 Thread 0x0000025ff1b73240 Exception <a 'java/lang/ArrayIndexOutOfBoundsException'{0x00000000d56e4eb8}> (0x00000000d56e4eb8) 
thrown [s\src\hotspot\share\runtime\sharedRuntime.cpp, line 625]
Event: 407.899 Thread 0x0000025ff1b73240 Exception <a 'java/lang/ArrayIndexOutOfBoundsException'{0x00000000d56bc520}> (0x00000000d56bc520) 
thrown [s\src\hotspot\share\runtime\sharedRuntime.cpp, line 625]
Event: 407.899 Thread 0x0000025ff1b73240 Exception <a 'java/lang/ArrayIndexOutOfBoundsException'{0x00000000d56bcb58}> (0x00000000d56bcb58) 
thrown [s\src\hotspot\share\runtime\sharedRuntime.cpp, line 625]
Event: 407.899 Thread 0x0000025ff1b73240 Exception <a 'java/lang/ArrayIndexOutOfBoundsException'{0x00000000d56bd128}> (0x00000000d56bd128) 
thrown [s\src\hotspot\share\runtime\sharedRuntime.cpp, line 625]
Event: 412.907 Thread 0x0000025ff7f78b50 Exception <a 'java/lang/ArrayIndexOutOfBoundsException'{0x00000000d589a4d0}> (0x00000000d589a4d0) 
thrown [s\src\hotspot\share\runtime\sharedRuntime.cpp, line 625]
Event: 415.792 Thread 0x0000025ff7f78b50 Exception <a 'java/lang/ArrayIndexOutOfBoundsException'{0x00000000d58df220}> (0x00000000d58df220) 
thrown [s\src\hotspot\share\runtime\sharedRuntime.cpp, line 625]
Event: 417.524 Thread 0x0000025ff7f78b50 Exception <a 'java/lang/ArrayIndexOutOfBoundsException'{0x00000000d577e988}> (0x00000000d577e988) 
thrown [s\src\hotspot\share\runtime\sharedRuntime.cpp, line 625]
Event: 419.808 Thread 0x0000025ff7f78b50 Implicit null exception at 0x0000025fa372d86f to 0x0000025fa372dc60
Event: 419.957 Thread 0x0000025ff7f78b50 Exception <a 'java/lang/ArrayIndexOutOfBoundsException'{0x00000000d57794e8}> (0x00000000d57794e8) 
thrown [s\src\hotspot\share\runtime\sharedRuntime.cpp, line 625]
Event: 439.605 Thread 0x0000025ff7f79870 Exception <a 'java/lang/ArrayIndexOutOfBoundsException'{0x00000000d55ac6b8}> (0x00000000d55ac6b8) 
thrown [s\src\hotspot\share\runtime\sharedRuntime.cpp, line 625]
Event: 439.722 Thread 0x0000025ff7f78b50 Exception <a 'java/lang/ArrayIndexOutOfBoundsException'{0x00000000d55d2910}> (0x00000000d55d2910) 
thrown [s\src\hotspot\share\runtime\sharedRuntime.cpp, line 625]
Event: 444.615 Thread 0x0000025ff1b73240 Exception <a 'java/lang/ArrayIndexOutOfBoundsException'{0x00000000d5899278}> (0x00000000d5899278) 
thrown [s\src\hotspot\share\runtime\sharedRuntime.cpp, line 625]
Event: 444.615 Thread 0x0000025ff1b73240 Exception <a 'java/lang/ArrayIndexOutOfBoundsException'{0x00000000d5899b38}> (0x00000000d5899b38) 
thrown [s\src\hotspot\share\runtime\sharedRuntime.cpp, line 625]
Event: 444.615 Thread 0x0000025ff1b73240 Exception <a 'java/lang/ArrayIndexOutOfBoundsException'{0x00000000d5899ec0}> (0x00000000d5899ec0) 
thrown [s\src\hotspot\share\runtime\sharedRuntime.cpp, line 625]
Event: 445.924 Thread 0x0000025ff7f78b50 Exception <a 'java/lang/ArrayIndexOutOfBoundsException'{0x00000000d57f9178}> (0x00000000d57f9178) 
thrown [s\src\hotspot\share\runtime\sharedRuntime.cpp, line 625]
Event: 445.924 Thread 0x0000025ff7f78b50 Exception <a 'java/lang/ArrayIndexOutOfBoundsException'{0x00000000d57f97b0}> (0x00000000d57f97b0) 
thrown [s\src\hotspot\share\runtime\sharedRuntime.cpp, line 625]
Event: 445.924 Thread 0x0000025ff7f78b50 Exception <a 'java/lang/ArrayIndexOutOfBoundsException'{0x00000000d57f9b38}> (0x00000000d57f9b38) 
thrown [s\src\hotspot\share\runtime\sharedRuntime.cpp, line 625]
Event: 446.374 Thread 0x0000025ff6e12fe0 Exception <a 'java/lang/ArrayIndexOutOfBoundsException'{0x00000000d56a2c20}> (0x00000000d56a2c20) 
thrown [s\src\hotspot\share\runtime\sharedRuntime.cpp, line 625]
Event: 446.374 Thread 0x0000025ff6e12fe0 Exception <a 'java/lang/ArrayIndexOutOfBoundsException'{0x00000000d56a3258}> (0x00000000d56a3258) 
thrown [s\src\hotspot\share\runtime\sharedRuntime.cpp, line 625]
Event: 446.374 Thread 0x0000025ff6e12fe0 Exception <a 'java/lang/ArrayIndexOutOfBoundsException'{0x00000000d56a35e0}> (0x00000000d56a35e0) 
thrown [s\src\hotspot\share\runtime\sharedRuntime.cpp, line 625]

ZGC Phase Switch (0 events):
No events

VM Operations (20 events):
Event: 445.932 Executing VM operation: ParallelGCFailedAllocation (Allocation Failure) done
Event: 445.937 Executing VM operation: ParallelGCFailedAllocation (Allocation Failure)
Event: 445.940 Executing VM operation: ParallelGCFailedAllocation (Allocation Failure) done
Event: 445.946 Executing VM operation: ParallelGCFailedAllocation (Allocation Failure)
Event: 445.948 Executing VM operation: ParallelGCFailedAllocation (Allocation Failure) done
Event: 446.103 Executing VM operation: ParallelGCFailedAllocation (Allocation Failure)
Event: 446.106 Executing VM operation: ParallelGCFailedAllocation (Allocation Failure) done
Event: 446.179 Executing VM operation: ParallelGCFailedAllocation (Allocation Failure)
Event: 446.181 Executing VM operation: ParallelGCFailedAllocation (Allocation Failure) done
Event: 446.379 Executing VM operation: ParallelGCFailedAllocation (Allocation Failure)
Event: 446.380 Executing VM operation: ParallelGCFailedAllocation (Allocation Failure) done
Event: 446.383 Executing VM operation: ParallelGCFailedAllocation (Allocation Failure)
Event: 446.385 Executing VM operation: ParallelGCFailedAllocation (Allocation Failure) done
Event: 446.389 Executing VM operation: ParallelGCFailedAllocation (Allocation Failure)
Event: 446.391 Executing VM operation: ParallelGCFailedAllocation (Allocation Failure) done
Event: 446.395 Executing VM operation: ParallelGCFailedAllocation (Allocation Failure)
Event: 446.397 Executing VM operation: ParallelGCFailedAllocation (Allocation Failure) done
Event: 446.401 Executing VM operation: ParallelGCFailedAllocation (Allocation Failure)
Event: 446.403 Executing VM operation: ParallelGCFailedAllocation (Allocation Failure) done
Event: 446.605 Executing VM operation: ParallelGCFailedAllocation (Allocation Failure)

Memory protections (0 events):
No events

Nmethod flushes (20 events):
Event: 93.932 Thread 0x0000025fae6b2860 flushing  nmethod 0x0000025f9bd84910
Event: 93.932 Thread 0x0000025fae6b2860 flushing  nmethod 0x0000025f9bd88e90
Event: 93.932 Thread 0x0000025fae6b2860 flushing osr nmethod 0x0000025f9bd8fa90
Event: 93.932 Thread 0x0000025fae6b2860 flushing  nmethod 0x0000025f9bd93490
Event: 93.932 Thread 0x0000025fae6b2860 flushing  nmethod 0x0000025f9bd93c10
Event: 93.932 Thread 0x0000025fae6b2860 flushing  nmethod 0x0000025f9bd94190
Event: 93.932 Thread 0x0000025fae6b2860 flushing  nmethod 0x0000025f9bd95790
Event: 93.932 Thread 0x0000025fae6b2860 flushing  nmethod 0x0000025f9bd96510
Event: 93.932 Thread 0x0000025fae6b2860 flushing  nmethod 0x0000025f9bd98290
Event: 93.932 Thread 0x0000025fae6b2860 flushing  nmethod 0x0000025f9be42b10
Event: 93.932 Thread 0x0000025fae6b2860 flushing  nmethod 0x0000025f9be4c110
Event: 93.932 Thread 0x0000025fae6b2860 flushing  nmethod 0x0000025f9be4c710
Event: 93.932 Thread 0x0000025fae6b2860 flushing  nmethod 0x0000025f9be4db10
Event: 93.932 Thread 0x0000025fae6b2860 flushing  nmethod 0x0000025f9be4f410
Event: 93.932 Thread 0x0000025fae6b2860 flushing  nmethod 0x0000025f9be50610
Event: 93.932 Thread 0x0000025fae6b2860 flushing  nmethod 0x0000025f9be55e90
Event: 93.932 Thread 0x0000025fae6b2860 flushing  nmethod 0x0000025f9be56610
Event: 93.932 Thread 0x0000025fae6b2860 flushing  nmethod 0x0000025f9be6ff90
Event: 93.932 Thread 0x0000025fae6b2860 flushing  nmethod 0x0000025f9be70910
Event: 93.932 Thread 0x0000025fae6b2860 flushing  nmethod 0x0000025f9be74990

Events (20 events):
Event: 380.750 Thread 0x0000025ff90a5a40 Thread exited: 0x0000025ff90a5a40
Event: 381.041 Thread 0x0000025fae6ef420 Thread added: 0x0000025ff90a6110
Event: 381.276 Thread 0x0000025fae6ef420 Thread added: 0x0000025ff90a6eb0
Event: 382.494 Thread 0x0000025ff90a6eb0 Thread exited: 0x0000025ff90a6eb0
Event: 382.668 Thread 0x0000025ff90a6110 Thread exited: 0x0000025ff90a6110
Event: 386.768 Thread 0x0000025ff668c720 Thread exited: 0x0000025ff668c720
Event: 387.062 Thread 0x0000025fae6ef420 Thread added: 0x0000025ff90a6110
Event: 387.062 Thread 0x0000025fae6ef420 Thread added: 0x0000025ff90a5370
Event: 387.279 Thread 0x0000025ff90a5370 Thread exited: 0x0000025ff90a5370
Event: 387.467 Thread 0x0000025ff90a6110 Thread exited: 0x0000025ff90a6110
Event: 387.922 Thread 0x0000025ff668e160 Thread exited: 0x0000025ff668e160
Event: 388.872 Thread 0x0000025ff668a650 Thread exited: 0x0000025ff668a650
Event: 417.491 Thread 0x0000025fae6ef420 Thread added: 0x0000025ff90a6eb0
Event: 419.818 Thread 0x0000025ff90a6eb0 Thread exited: 0x0000025ff90a6eb0
Event: 441.723 Thread 0x0000025fae6ef420 Thread added: 0x0000025ff90a6110
Event: 443.713 Thread 0x0000025ff90a6110 Thread exited: 0x0000025ff90a6110
Event: 444.663 Thread 0x0000025fae6ef420 Thread added: 0x0000025ff90a5a40
Event: 444.663 Thread 0x0000025fae6ef420 Thread added: 0x0000025ff90a7c50
Event: 444.932 Thread 0x0000025ff90a7c50 Thread exited: 0x0000025ff90a7c50
Event: 445.652 Thread 0x0000025ff90a5a40 Thread exited: 0x0000025ff90a5a40


Dynamic libraries:
0x00007ff6f7650000 - 0x00007ff6f765e000 	c:\Users\ahmed.saber\.vscode\extensions\redhat.java-1.52.0-win32-x64\jre\21.0.9-win32-x86_64\bin\java.exe
0x00007ffd1cac0000 - 0x00007ffd1cd27000 	C:\Windows\SYSTEM32\ntdll.dll
0x00007ffd1b260000 - 0x00007ffd1b329000 	C:\Windows\System32\KERNEL32.DLL
0x00007ffd19d60000 - 0x00007ffd1a14f000 	C:\Windows\System32\KERNELBASE.dll
0x00007ffd19c10000 - 0x00007ffd19d5b000 	C:\Windows\System32\ucrtbase.dll
0x00007ffd082a0000 - 0x00007ffd082b8000 	c:\Users\ahmed.saber\.vscode\extensions\redhat.java-1.52.0-win32-x64\jre\21.0.9-win32-x86_64\bin\jli.dll
0x00007ffd076e0000 - 0x00007ffd076fe000 	c:\Users\ahmed.saber\.vscode\extensions\redhat.java-1.52.0-win32-x64\jre\21.0.9-win32-x86_64\bin\VCRUNTIME140.dll
0x00007ffd1ba10000 - 0x00007ffd1bbd5000 	C:\Windows\System32\USER32.dll
0x00007ffd03340000 - 0x00007ffd035d3000 	C:\Windows\WinSxS\amd64_microsoft.windows.common-controls_6595b64144ccf1df_6.0.26100.7309_none_3e05feeae336a044\COMCTL32.dll
0x00007ffd1a380000 - 0x00007ffd1a3a7000 	C:\Windows\System32\win32u.dll
0x00007ffd1aef0000 - 0x00007ffd1af99000 	C:\Windows\System32\msvcrt.dll
0x00007ffd1ca50000 - 0x00007ffd1ca7b000 	C:\Windows\System32\GDI32.dll
0x00007ffd1a3b0000 - 0x00007ffd1a4dc000 	C:\Windows\System32\gdi32full.dll
0x00007ffd1a2d0000 - 0x00007ffd1a373000 	C:\Windows\System32\msvcp_win.dll
0x00007ffd1a9d0000 - 0x00007ffd1aa01000 	C:\Windows\System32\IMM32.DLL
0x00007ffd146a0000 - 0x00007ffd146ac000 	c:\Users\ahmed.saber\.vscode\extensions\redhat.java-1.52.0-win32-x64\jre\21.0.9-win32-x86_64\bin\vcruntime140_1.dll
0x00007ffcf5db0000 - 0x00007ffcf5e3d000 	c:\Users\ahmed.saber\.vscode\extensions\redhat.java-1.52.0-win32-x64\jre\21.0.9-win32-x86_64\bin\msvcp140.dll
0x00007ffc8f790000 - 0x00007ffc90530000 	c:\Users\ahmed.saber\.vscode\extensions\redhat.java-1.52.0-win32-x64\jre\21.0.9-win32-x86_64\bin\server\jvm.dll
0x00007ffd1ab90000 - 0x00007ffd1ac44000 	C:\Windows\System32\ADVAPI32.dll
0x00007ffd1a8e0000 - 0x00007ffd1a986000 	C:\Windows\System32\sechost.dll
0x00007ffd1b060000 - 0x00007ffd1b178000 	C:\Windows\System32\RPCRT4.dll
0x00007ffd1aa10000 - 0x00007ffd1aa84000 	C:\Windows\System32\WS2_32.dll
0x00007ffd19a70000 - 0x00007ffd19ace000 	C:\Windows\SYSTEM32\POWRPROF.dll
0x00007ffd142e0000 - 0x00007ffd142eb000 	C:\Windows\SYSTEM32\VERSION.dll
0x00007ffd0be40000 - 0x00007ffd0be75000 	C:\Windows\SYSTEM32\WINMM.dll
0x00007ffd19a50000 - 0x00007ffd19a64000 	C:\Windows\SYSTEM32\UMPDC.dll
0x00007ffd189c0000 - 0x00007ffd189db000 	C:\Windows\SYSTEM32\kernel.appcore.dll
0x00007ffd141c0000 - 0x00007ffd141ca000 	c:\Users\ahmed.saber\.vscode\extensions\redhat.java-1.52.0-win32-x64\jre\21.0.9-win32-x86_64\bin\jimage.dll
0x00007ffd08dd0000 - 0x00007ffd09012000 	C:\Windows\SYSTEM32\DBGHELP.DLL
0x00007ffd1c6c0000 - 0x00007ffd1ca46000 	C:\Windows\System32\combase.dll
0x00007ffd1b180000 - 0x00007ffd1b256000 	C:\Windows\System32\OLEAUT32.dll
0x00007ffcfacb0000 - 0x00007ffcfacec000 	C:\Windows\SYSTEM32\dbgcore.DLL
0x00007ffd1a7b0000 - 0x00007ffd1a855000 	C:\Windows\System32\bcryptPrimitives.dll
0x00007ffd0b440000 - 0x00007ffd0b44f000 	c:\Users\ahmed.saber\.vscode\extensions\redhat.java-1.52.0-win32-x64\jre\21.0.9-win32-x86_64\bin\instrument.dll
0x00007ffcfcd40000 - 0x00007ffcfcd60000 	c:\Users\ahmed.saber\.vscode\extensions\redhat.java-1.52.0-win32-x64\jre\21.0.9-win32-x86_64\bin\java.dll
0x00007ffd1bdc0000 - 0x00007ffd1c513000 	C:\Windows\System32\SHELL32.dll
0x00007ffd1a160000 - 0x00007ffd1a2ca000 	C:\Windows\System32\wintypes.dll
0x00007ffd17850000 - 0x00007ffd180ae000 	C:\Windows\SYSTEM32\windows.storage.dll
0x00007ffd1aa90000 - 0x00007ffd1ab85000 	C:\Windows\System32\SHCORE.dll
0x00007ffd1b910000 - 0x00007ffd1b976000 	C:\Windows\System32\shlwapi.dll
0x00007ffd19b30000 - 0x00007ffd19b59000 	C:\Windows\SYSTEM32\profapi.dll
0x00007ffcfc5c0000 - 0x00007ffcfc5d8000 	c:\Users\ahmed.saber\.vscode\extensions\redhat.java-1.52.0-win32-x64\jre\21.0.9-win32-x86_64\bin\zip.dll
0x00007ffd0b3e0000 - 0x00007ffd0b3f0000 	C:\Users\ahmed.saber\.vscode\extensions\redhat.java-1.52.0-win32-x64\jre\21.0.9-win32-x86_64\bin\net.dll
0x00007ffd13950000 - 0x00007ffd13a78000 	C:\Windows\SYSTEM32\WINHTTP.dll
0x00007ffd18f30000 - 0x00007ffd18f9b000 	C:\Windows\system32\mswsock.dll
0x00007ffcfc530000 - 0x00007ffcfc546000 	C:\Users\ahmed.saber\.vscode\extensions\redhat.java-1.52.0-win32-x64\jre\21.0.9-win32-x86_64\bin\nio.dll
0x00007ffd0a5e0000 - 0x00007ffd0a5f0000 	c:\Users\ahmed.saber\.vscode\extensions\redhat.java-1.52.0-win32-x64\jre\21.0.9-win32-x86_64\bin\verify.dll
0x00007ffcf5fc0000 - 0x00007ffcf6005000 	C:\Users\ahmed.saber\AppData\Roaming\Code\User\globalStorage\redhat.java\1.52.0\config_win\org.eclipse.equinox.launcher\org.eclipse.equinox.launcher.win32.win32.x86_64_1.2.1500.v20260121-1430\eclipse_11919.dll
0x00007ffd1c520000 - 0x00007ffd1c6b7000 	C:\Windows\System32\ole32.dll
0x00007ffd19200000 - 0x00007ffd1921b000 	C:\Windows\SYSTEM32\CRYPTSP.dll
0x00007ffd18920000 - 0x00007ffd1895a000 	C:\Windows\system32\rsaenh.dll
0x00007ffd18fe0000 - 0x00007ffd1900b000 	C:\Windows\SYSTEM32\USERENV.dll
0x00007ffd19b00000 - 0x00007ffd19b2a000 	C:\Windows\SYSTEM32\bcrypt.dll
0x00007ffd191f0000 - 0x00007ffd191fc000 	C:\Windows\SYSTEM32\CRYPTBASE.dll
0x00007ffd183d0000 - 0x00007ffd18404000 	C:\Windows\SYSTEM32\IPHLPAPI.DLL
0x00007ffd1aed0000 - 0x00007ffd1aeda000 	C:\Windows\System32\NSI.dll
0x00007ffcf5760000 - 0x00007ffcf57a9000 	C:\Users\ahmed.saber\AppData\Local\Temp\jna--999826280\jna12890419527353609756.dll
0x00007ffd1aee0000 - 0x00007ffd1aee8000 	C:\Windows\System32\PSAPI.DLL
0x00007ffd13b00000 - 0x00007ffd13b1e000 	C:\Windows\SYSTEM32\dhcpcsvc6.DLL
0x00007ffd13ad0000 - 0x00007ffd13af3000 	C:\Windows\SYSTEM32\dhcpcsvc.DLL
0x00007ffd07720000 - 0x00007ffd0772e000 	C:\Users\ahmed.saber\.vscode\extensions\redhat.java-1.52.0-win32-x64\jre\21.0.9-win32-x86_64\bin\sunmscapi.dll
0x00007ffd1a5a0000 - 0x00007ffd1a717000 	C:\Windows\System32\CRYPT32.dll
0x00007ffd19410000 - 0x00007ffd19440000 	C:\Windows\SYSTEM32\ncrypt.dll
0x00007ffd193c0000 - 0x00007ffd193ff000 	C:\Windows\SYSTEM32\NTASN1.dll
0x00007ffd18460000 - 0x00007ffd1858c000 	C:\Windows\SYSTEM32\DNSAPI.dll
0x00007ffd13ac0000 - 0x00007ffd13acb000 	C:\Windows\System32\rasadhlp.dll
0x00007ffd12230000 - 0x00007ffd122b6000 	C:\Windows\System32\fwpuclnt.dll
0x00007ffcfca60000 - 0x00007ffcfca69000 	C:\Users\ahmed.saber\.vscode\extensions\redhat.java-1.52.0-win32-x64\jre\21.0.9-win32-x86_64\bin\extnet.dll
0x00007ffd18ae0000 - 0x00007ffd18b16000 	C:\Windows\SYSTEM32\ntmarta.dll

JVMTI agents:
c:\Users\ahmed.saber\.vscode\extensions\redhat.java-1.52.0-win32-x64\lombok\lombok-1.18.39-4050.jar path:c:\Users\ahmed.saber\.vscode\extensions\redhat.java-1.52.0-win32-x64\jre\21.0.9-win32-x86_64\bin\instrument.dll, loaded, initialized, instrumentlib options:none

dbghelp: loaded successfully - version: 4.0.5 - missing functions: none
symbol engine: initialized successfully - sym options: 0x614 - pdb path: .;c:\Users\ahmed.saber\.vscode\extensions\redhat.java-1.52.0-win32-x64\jre\21.0.9-win32-x86_64\bin;C:\Windows\SYSTEM32;C:\Windows\WinSxS\amd64_microsoft.windows.common-controls_6595b64144ccf1df_6.0.26100.7309_none_3e05feeae336a044;c:\Users\ahmed.saber\.vscode\extensions\redhat.java-1.52.0-win32-x64\jre\21.0.9-win32-x86_64\bin\server;C:\Users\ahmed.saber\AppData\Roaming\Code\User\globalStorage\redhat.java\1.52.0\config_win\org.eclipse.equinox.launcher\org.eclipse.equinox.launcher.win32.win32.x86_64_1.2.1500.v20260121-1430;C:\Users\ahmed.saber\AppData\Local\Temp\jna--999826280

VM Arguments:
jvm_args: --add-modules=ALL-SYSTEM --add-opens=java.base/java.util=ALL-UNNAMED --add-opens=java.base/java.lang=ALL-UNNAMED --add-opens=java.base/sun.nio.fs=ALL-UNNAMED -Declipse.application=org.eclipse.jdt.ls.core.id1 -Dosgi.bundles.defaultStartLevel=4 -Declipse.product=org.eclipse.jdt.ls.core.product -Djava.import.generatesMetadataFilesAtProjectRoot=false -DDetectVMInstallationsJob.disabled=true -Dfile.encoding=utf8 -XX:+UseParallelGC -XX:GCTimeRatio=4 -XX:AdaptiveSizePolicyWeight=90 -Dsun.zip.disableMemoryMapping=true -Xmx2G -Xms100m -Xlog:disable -javaagent:c:\Users\ahmed.saber\.vscode\extensions\redhat.java-1.52.0-win32-x64\lombok\lombok-1.18.39-4050.jar -XX:+HeapDumpOnOutOfMemoryError -XX:HeapDumpPath=c:\Users\ahmed.saber\AppData\Roaming\Code\User\workspaceStorage\f242c66e8a9d1730f05708b8fbcd0898\redhat.java -Daether.dependencyCollector.impl=bf 
java_command: c:\Users\ahmed.saber\.vscode\extensions\redhat.java-1.52.0-win32-x64\server\plugins\org.eclipse.equinox.launcher_1.7.100.v20251111-0406.jar -configuration c:\Users\ahmed.saber\AppData\Roaming\Code\User\globalStorage\redhat.java\1.52.0\config_win -data c:\Users\ahmed.saber\AppData\Roaming\Code\User\workspaceStorage\f242c66e8a9d1730f05708b8fbcd0898\redhat.java\jdt_ws --pipe=\\.\pipe\lsp-1852207a476353395e1e75abb0ad94b0-sock
java_class_path (initial): c:\Users\ahmed.saber\.vscode\extensions\redhat.java-1.52.0-win32-x64\server\plugins\org.eclipse.equinox.launcher_1.7.100.v20251111-0406.jar
Launcher Type: SUN_STANDARD

[Global flags]
    uintx AdaptiveSizePolicyWeight                 = 90                                        {product} {command line}
     intx CICompilerCount                          = 4                                         {product} {ergonomic}
    uintx GCTimeRatio                              = 4                                         {product} {command line}
     bool HeapDumpOnOutOfMemoryError               = true                                   {manageable} {command line}
    ccstr HeapDumpPath                             = c:\Users\ahmed.saber\AppData\Roaming\Code\User\workspaceStorage\f242c66e8a9d1730f05708b8fbcd0898\redhat.java         {manageable} {command line}
   size_t InitialHeapSize                          = 104857600                                 {product} {command line}
   size_t MaxHeapSize                              = 2147483648                                {product} {command line}
   size_t MaxNewSize                               = 715653120                                 {product} {ergonomic}
   size_t MinHeapDeltaBytes                        = 524288                                    {product} {ergonomic}
   size_t MinHeapSize                              = 104857600                                 {product} {command line}
   size_t NewSize                                  = 34603008                                  {product} {ergonomic}
    uintx NonNMethodCodeHeapSize                   = 5839372                                {pd product} {ergonomic}
    uintx NonProfiledCodeHeapSize                  = 122909434                              {pd product} {ergonomic}
   size_t OldSize                                  = 70254592                                  {product} {ergonomic}
    uintx ProfiledCodeHeapSize                     = 122909434                              {pd product} {ergonomic}
    uintx ReservedCodeCacheSize                    = 251658240                              {pd product} {ergonomic}
     bool SegmentedCodeCache                       = true                                      {product} {ergonomic}
   size_t SoftMaxHeapSize                          = 2147483648                             {manageable} {ergonomic}
     bool UseCompressedOops                        = true                           {product lp64_product} {ergonomic}
     bool UseLargePagesIndividualAllocation        = false                                  {pd product} {ergonomic}
     bool UseParallelGC                            = true                                      {product} {command line}

Logging:
Log output configuration:
 #0: stdout all=off uptime,level,tags foldmultilines=false
 #1: stderr all=off uptime,level,tags foldmultilines=false

Release file:
JAVA_VERSION="21.0.9" 
MODULES="java.base java.compiler java.datatransfer java.xml java.prefs java.desktop java.instrument java.logging java.management java.security.sasl java.naming java.rmi java.management.rmi java.net.http java.scripting java.security.jgss java.transaction.xa java.sql java.sql.rowset java.xml.crypto java.se java.smartcardio jdk.accessibility jdk.internal.jvmstat jdk.attach jdk.charsets jdk.internal.opt jdk.zipfs jdk.compiler jdk.crypto.ec jdk.crypto.cryptoki jdk.crypto.mscapi jdk.dynalink jdk.internal.ed jdk.editpad jdk.hotspot.agent jdk.httpserver jdk.internal.le jdk.internal.vm.ci jdk.internal.vm.compiler jdk.internal.vm.compiler.management jdk.jartool jdk.javadoc jdk.jcmd jdk.management jdk.management.agent jdk.jconsole jdk.jdeps jdk.jdwp.agent jdk.jdi jdk.jfr jdk.jshell jdk.jsobject jdk.jstatd jdk.localedata jdk.management.jfr jdk.naming.dns jdk.naming.rmi jdk.net jdk.nio.mapmode jdk.random jdk.sctp jdk.security.auth jdk.security.jgss jdk.unsupported jdk.unsupported.desktop jdk.xml.dom" 

Environment Variables:
JAVA_HOME=C:\Program Files\Java\jdk-25
PATH=C:\Program Files\Common Files\Oracle\Java\javapath;C:\Windows\system32;C:\Windows;C:\Windows\System32\Wbem;C:\Windows\System32\WindowsPowerShell\v1.0\;C:\Windows\System32\OpenSSH\;C:\Program Files\Java\jdk-25\bin;C:\Program Files (x86)\apache-maven-3.9.12\bin;C:\Users\ahmed.saber\AppData\Local\Microsoft\WindowsApps;C:\Users\ahmed.saber\AppData\Local\Programs\Microsoft VS Code\bin
USERNAME=ahmed.saber
OS=Windows_NT
PROCESSOR_IDENTIFIER=Intel64 Family 6 Model 158 Stepping 9, GenuineIntel
TMP=C:\Users\AHMED~1.SAB\AppData\Local\Temp
TEMP=C:\Users\AHMED~1.SAB\AppData\Local\Temp




Periodic native trim disabled

---------------  S Y S T E M  ---------------

OS:
 Windows 11 , 64 bit Build 26100 (10.0.26100.7623)
OS uptime: 4 days 1:47 hours

CPU: total 8 (initial active 8) (4 cores per cpu, 2 threads per core) family 6 model 158 stepping 9 microcode 0xf0, cx8, cmov, fxsr, ht, mmx, 3dnowpref, sse, sse2, sse3, ssse3, sse4.1, sse4.2, popcnt, lzcnt, tsc, tscinvbit, avx, avx2, aes, erms, clmul, bmi1, bmi2, rtm, adx, fma, vzeroupper, clflush, clflushopt, rdtscp, f16c
Processor Information for the first 8 processors :
  Max Mhz: 3600, Current Mhz: 3600, Mhz Limit: 3600

Memory: 4k page, system-wide physical 16259M (1069M free)
TotalPageFile size 31414M (AvailPageFile size 31M)
current process WorkingSet (physical memory assigned to process): 1147M, peak: 1147M
current process commit charge ("private bytes"): 1076M, peak: 1077M

vm_info: OpenJDK 64-Bit Server VM (21.0.9+10-LTS) for windows-amd64 JRE (21.0.9+10-LTS), built on 2025-10-21T00:00:00Z by "admin" with unknown MS VC++:1942

END.
